<?xml version="1.0" encoding="UTF-8"?>
<!-- Generated by org.testng.reporters.JUnitReportReporter -->
<testsuite skipped="0" hostname="alok-lt" name="com.experitest.demo.SeleniumDemo" tests="2" failures="0" timestamp="07 Feb 2018 04:19:06 GMT" time="55.572" errors="0">
  <testcase name="LaunchApplicationTest" time="23.377" classname="com.experitest.demo.SeleniumDemo"/>
  <testcase name="Test2" time="32.195" classname="com.experitest.demo.SeleniumDemo"/>
</testsuite> <!-- com.experitest.demo.SeleniumDemo -->
