<?xml version="1.0" encoding="UTF-8"?>
<!-- Generated by org.testng.reporters.JUnitReportReporter -->
<testsuite skipped="0" hostname="alok-lt" name="com.experitest.demo.SeleniumDemo3Test" tests="2" failures="0" timestamp="07 Feb 2018 04:19:06 GMT" time="43.222" errors="0">
  <testcase name="LaunchApplicationTest" time="21.934" classname="com.experitest.demo.SeleniumDemo3Test"/>
  <testcase name="Test2" time="21.288" classname="com.experitest.demo.SeleniumDemo3Test"/>
</testsuite> <!-- com.experitest.demo.SeleniumDemo3Test -->
