<?xml version="1.0" encoding="UTF-8"?>
<!-- Generated by org.testng.reporters.JUnitReportReporter -->
<testsuite skipped="0" hostname="alok-lt" name="com.experitest.demo.SeleniumDemo2Test" tests="2" failures="0" timestamp="07 Feb 2018 04:19:06 GMT" time="48.814" errors="0">
  <testcase name="Test2" time="28.026" classname="com.experitest.demo.SeleniumDemo2Test"/>
  <testcase name="LaunchApplicationTest" time="20.788" classname="com.experitest.demo.SeleniumDemo2Test"/>
</testsuite> <!-- com.experitest.demo.SeleniumDemo2Test -->
